\BOOKMARK [1][-]{section.1}{\376\377\000I\000n\000t\000r\000o\000d\000u\000c\000t\000i\000o\000n}{}% 1
\BOOKMARK [1][-]{section.2}{\376\377\000R\000e\000l\000a\000t\000e\000d\000\040\000W\000o\000r\000k}{}% 2
\BOOKMARK [2][-]{subsection.2.1}{\376\377\000F\000e\000d\000e\000r\000a\000t\000e\000d\000\040\000L\000e\000a\000r\000n\000i\000n\000g}{section.2}% 3
\BOOKMARK [2][-]{subsection.2.2}{\376\377\000C\000o\000m\000m\000u\000n\000i\000c\000a\000t\000i\000o\000n\000\040\000C\000o\000m\000p\000r\000e\000s\000s\000i\000o\000n\000\040\000i\000n\000\040\000F\000e\000d\000e\000r\000a\000t\000e\000d\000\040\000L\000e\000a\000r\000n\000i\000n\000g}{section.2}% 4
\BOOKMARK [2][-]{subsection.2.3}{\376\377\000L\000o\000c\000a\000l\000\040\000T\000r\000a\000i\000n\000i\000n\000g\000\040\000A\000c\000c\000e\000l\000e\000r\000a\000t\000i\000o\000n}{section.2}% 5
\BOOKMARK [2][-]{subsection.2.4}{\376\377\000H\000a\000r\000d\000w\000a\000r\000e\000-\000A\000w\000a\000r\000e\000\040\000O\000p\000t\000i\000m\000i\000z\000a\000t\000i\000o\000n}{section.2}% 6
\BOOKMARK [2][-]{subsection.2.5}{\376\377\000G\000a\000p\000s\000\040\000a\000n\000d\000\040\000O\000u\000r\000\040\000C\000o\000n\000t\000r\000i\000b\000u\000t\000i\000o\000n}{section.2}% 7
\BOOKMARK [1][-]{section.3}{\376\377\000P\000r\000o\000b\000l\000e\000m\000\040\000F\000o\000r\000m\000u\000l\000a\000t\000i\000o\000n}{}% 8
\BOOKMARK [2][-]{subsection.3.1}{\376\377\000F\000e\000d\000e\000r\000a\000t\000e\000d\000\040\000L\000e\000a\000r\000n\000i\000n\000g\000\040\000S\000e\000t\000u\000p}{section.3}% 9
\BOOKMARK [2][-]{subsection.3.2}{\376\377\000C\000o\000m\000m\000u\000n\000i\000c\000a\000t\000i\000o\000n\000\040\000C\000o\000s\000t\000\040\000M\000o\000d\000e\000l}{section.3}% 10
\BOOKMARK [2][-]{subsection.3.3}{\376\377\000C\000o\000m\000p\000u\000t\000a\000t\000i\000o\000n\000\040\000C\000o\000s\000t\000\040\000M\000o\000d\000e\000l}{section.3}% 11
\BOOKMARK [2][-]{subsection.3.4}{\376\377\000U\000n\000i\000f\000i\000e\000d\000\040\000O\000p\000t\000i\000m\000i\000z\000a\000t\000i\000o\000n\000\040\000O\000b\000j\000e\000c\000t\000i\000v\000e}{section.3}% 12
\BOOKMARK [1][-]{section.4}{\376\377\000F\000e\000d\000E\000d\000g\000e\000-\000A\000c\000c\000e\000l\000\040\000F\000r\000a\000m\000e\000w\000o\000r\000k}{}% 13
\BOOKMARK [2][-]{subsection.4.1}{\376\377\000O\000v\000e\000r\000v\000i\000e\000w}{section.4}% 14
\BOOKMARK [2][-]{subsection.4.2}{\376\377\000A\000d\000a\000p\000t\000i\000v\000e\000\040\000C\000o\000m\000m\000u\000n\000i\000c\000a\000t\000i\000o\000n\000\040\000C\000o\000m\000p\000r\000e\000s\000s\000i\000o\000n}{section.4}% 15
\BOOKMARK [3][-]{subsubsection.4.2.1}{\376\377\000L\000a\000y\000e\000r\000-\000w\000i\000s\000e\000\040\000A\000d\000a\000p\000t\000i\000v\000e\000\040\000Q\000u\000a\000n\000t\000i\000z\000a\000t\000i\000o\000n}{subsection.4.2}% 16
\BOOKMARK [3][-]{subsubsection.4.2.2}{\376\377\000S\000t\000r\000u\000c\000t\000u\000r\000e\000d\000\040\000G\000r\000a\000d\000i\000e\000n\000t\000\040\000S\000p\000a\000r\000s\000i\000f\000i\000c\000a\000t\000i\000o\000n}{subsection.4.2}% 17
\BOOKMARK [3][-]{subsubsection.4.2.3}{\376\377\000D\000y\000n\000a\000m\000i\000c\000\040\000C\000o\000m\000p\000r\000e\000s\000s\000i\000o\000n\000\040\000A\000d\000a\000p\000t\000a\000t\000i\000o\000n}{subsection.4.2}% 18
\BOOKMARK [2][-]{subsection.4.3}{\376\377\000H\000a\000r\000d\000w\000a\000r\000e\000-\000A\000w\000a\000r\000e\000\040\000L\000o\000c\000a\000l\000\040\000T\000r\000a\000i\000n\000i\000n\000g\000\040\000A\000c\000c\000e\000l\000e\000r\000a\000t\000i\000o\000n}{section.4}% 19
\BOOKMARK [3][-]{subsubsection.4.3.1}{\376\377\000D\000e\000v\000i\000c\000e\000-\000S\000p\000e\000c\000i\000f\000i\000c\000\040\000M\000i\000x\000e\000d\000-\000P\000r\000e\000c\000i\000s\000i\000o\000n\000\040\000T\000r\000a\000i\000n\000i\000n\000g}{subsection.4.3}% 20
\BOOKMARK [3][-]{subsubsection.4.3.2}{\376\377\000S\000p\000a\000r\000s\000e\000\040\000G\000r\000a\000d\000i\000e\000n\000t\000\040\000C\000o\000m\000p\000u\000t\000a\000t\000i\000o\000n}{subsection.4.3}% 21
\BOOKMARK [3][-]{subsubsection.4.3.3}{\376\377\000D\000e\000v\000i\000c\000e\000-\000S\000p\000e\000c\000i\000f\000i\000c\000\040\000T\000r\000a\000i\000n\000i\000n\000g\000\040\000S\000t\000r\000a\000t\000e\000g\000i\000e\000s}{subsection.4.3}% 22
\BOOKMARK [2][-]{subsection.4.4}{\376\377\000U\000n\000i\000f\000i\000e\000d\000\040\000H\000a\000r\000d\000w\000a\000r\000e\000-\000A\000w\000a\000r\000e\000\040\000C\000o\000s\000t\000\040\000M\000o\000d\000e\000l}{section.4}% 23
\BOOKMARK [3][-]{subsubsection.4.4.1}{\376\377\000C\000o\000m\000m\000u\000n\000i\000c\000a\000t\000i\000o\000n\000\040\000C\000o\000s\000t\000\040\000M\000o\000d\000e\000l}{subsection.4.4}% 24
\BOOKMARK [3][-]{subsubsection.4.4.2}{\376\377\000C\000o\000m\000p\000u\000t\000a\000t\000i\000o\000n\000\040\000C\000o\000s\000t\000\040\000M\000o\000d\000e\000l}{subsection.4.4}% 25
\BOOKMARK [3][-]{subsubsection.4.4.3}{\376\377\000J\000o\000i\000n\000t\000\040\000O\000p\000t\000i\000m\000i\000z\000a\000t\000i\000o\000n}{subsection.4.4}% 26
\BOOKMARK [2][-]{subsection.4.5}{\376\377\000F\000e\000d\000E\000d\000g\000e\000-\000A\000c\000c\000e\000l\000\040\000A\000l\000g\000o\000r\000i\000t\000h\000m}{section.4}% 27
\BOOKMARK [1][-]{section.5}{\376\377\000T\000h\000e\000o\000r\000e\000t\000i\000c\000a\000l\000\040\000A\000n\000a\000l\000y\000s\000i\000s}{}% 28
\BOOKMARK [2][-]{subsection.5.1}{\376\377\000C\000o\000n\000v\000e\000r\000g\000e\000n\000c\000e\000\040\000G\000u\000a\000r\000a\000n\000t\000e\000e\000s}{section.5}% 29
\BOOKMARK [2][-]{subsection.5.2}{\376\377\000C\000o\000n\000v\000e\000r\000g\000e\000n\000c\000e\000\040\000R\000a\000t\000e\000\040\000A\000n\000a\000l\000y\000s\000i\000s}{section.5}% 30
\BOOKMARK [2][-]{subsection.5.3}{\376\377\000H\000e\000t\000e\000r\000o\000g\000e\000n\000e\000i\000t\000y\000\040\000A\000n\000a\000l\000y\000s\000i\000s}{section.5}% 31
\BOOKMARK [1][-]{section.6}{\376\377\000E\000x\000p\000e\000r\000i\000m\000e\000n\000t\000a\000l\000\040\000S\000e\000t\000u\000p}{}% 32
\BOOKMARK [2][-]{subsection.6.1}{\376\377\000D\000a\000t\000a\000s\000e\000t\000s\000\040\000a\000n\000d\000\040\000F\000e\000d\000e\000r\000a\000t\000e\000d\000\040\000S\000p\000l\000i\000t\000s}{section.6}% 33
\BOOKMARK [3][-]{subsubsection.6.1.1}{\376\377\000F\000E\000M\000N\000I\000S\000T\000\040\000\050\000L\000E\000A\000F\000\040\000B\000e\000n\000c\000h\000m\000a\000r\000k\000\051}{subsection.6.1}% 34
\BOOKMARK [3][-]{subsubsection.6.1.2}{\376\377\000U\000C\000I\000\040\000H\000u\000m\000a\000n\000\040\000A\000c\000t\000i\000v\000i\000t\000y\000\040\000R\000e\000c\000o\000g\000n\000i\000t\000i\000o\000n\000\040\000\050\000H\000A\000R\000\051}{subsection.6.1}% 35
\BOOKMARK [3][-]{subsubsection.6.1.3}{\376\377\000C\000I\000F\000A\000R\000-\0001\0000\0000}{subsection.6.1}% 36
\BOOKMARK [2][-]{subsection.6.2}{\376\377\000N\000e\000u\000r\000a\000l\000\040\000N\000e\000t\000w\000o\000r\000k\000\040\000A\000r\000c\000h\000i\000t\000e\000c\000t\000u\000r\000e\000s}{section.6}% 37
\BOOKMARK [2][-]{subsection.6.3}{\376\377\000E\000d\000g\000e\000\040\000D\000e\000v\000i\000c\000e\000\040\000P\000r\000o\000f\000i\000l\000e\000s}{section.6}% 38
\BOOKMARK [3][-]{subsubsection.6.3.1}{\376\377\000D\000e\000v\000i\000c\000e\000\040\000T\000y\000p\000e\000\040\0001\000:\000\040\000H\000i\000g\000h\000-\000E\000n\000d\000\040\000S\000m\000a\000r\000t\000p\000h\000o\000n\000e}{subsection.6.3}% 39
\BOOKMARK [3][-]{subsubsection.6.3.2}{\376\377\000D\000e\000v\000i\000c\000e\000\040\000T\000y\000p\000e\000\040\0002\000:\000\040\000M\000i\000d\000-\000R\000a\000n\000g\000e\000\040\000S\000m\000a\000r\000t\000p\000h\000o\000n\000e}{subsection.6.3}% 40
\BOOKMARK [3][-]{subsubsection.6.3.3}{\376\377\000D\000e\000v\000i\000c\000e\000\040\000T\000y\000p\000e\000\040\0003\000:\000\040\000I\000o\000T\000\040\000E\000d\000g\000e\000\040\000D\000e\000v\000i\000c\000e}{subsection.6.3}% 41
\BOOKMARK [3][-]{subsubsection.6.3.4}{\376\377\000D\000e\000v\000i\000c\000e\000\040\000T\000y\000p\000e\000\040\0004\000:\000\040\000E\000d\000g\000e\000\040\000S\000e\000r\000v\000e\000r\000/\000G\000a\000t\000e\000w\000a\000y}{subsection.6.3}% 42
\BOOKMARK [3][-]{subsubsection.6.3.5}{\376\377\000D\000e\000v\000i\000c\000e\000\040\000D\000i\000s\000t\000r\000i\000b\000u\000t\000i\000o\000n}{subsection.6.3}% 43
\BOOKMARK [2][-]{subsection.6.4}{\376\377\000B\000a\000s\000e\000l\000i\000n\000e\000s\000\040\000f\000o\000r\000\040\000C\000o\000m\000p\000a\000r\000i\000s\000o\000n}{section.6}% 44
\BOOKMARK [3][-]{subsubsection.6.4.1}{\376\377\000S\000t\000a\000n\000d\000a\000r\000d\000\040\000F\000e\000d\000e\000r\000a\000t\000e\000d\000\040\000L\000e\000a\000r\000n\000i\000n\000g}{subsection.6.4}% 45
\BOOKMARK [3][-]{subsubsection.6.4.2}{\376\377\000C\000o\000m\000m\000u\000n\000i\000c\000a\000t\000i\000o\000n\000\040\000C\000o\000m\000p\000r\000e\000s\000s\000i\000o\000n\000\040\000M\000e\000t\000h\000o\000d\000s}{subsection.6.4}% 46
\BOOKMARK [3][-]{subsubsection.6.4.3}{\376\377\000C\000o\000m\000b\000i\000n\000e\000d\000\040\000M\000e\000t\000h\000o\000d\000s}{subsection.6.4}% 47
\BOOKMARK [3][-]{subsubsection.6.4.4}{\376\377\000A\000b\000l\000a\000t\000i\000o\000n\000\040\000B\000a\000s\000e\000l\000i\000n\000e\000s}{subsection.6.4}% 48
\BOOKMARK [2][-]{subsection.6.5}{\376\377\000T\000r\000a\000i\000n\000i\000n\000g\000\040\000C\000o\000n\000f\000i\000g\000u\000r\000a\000t\000i\000o\000n}{section.6}% 49
\BOOKMARK [3][-]{subsubsection.6.5.1}{\376\377\000F\000e\000d\000e\000r\000a\000t\000e\000d\000\040\000L\000e\000a\000r\000n\000i\000n\000g\000\040\000P\000a\000r\000a\000m\000e\000t\000e\000r\000s}{subsection.6.5}% 50
\BOOKMARK [3][-]{subsubsection.6.5.2}{\376\377\000C\000o\000m\000p\000r\000e\000s\000s\000i\000o\000n\000\040\000P\000a\000r\000a\000m\000e\000t\000e\000r\000s}{subsection.6.5}% 51
\BOOKMARK [3][-]{subsubsection.6.5.3}{\376\377\000H\000a\000r\000d\000w\000a\000r\000e\000-\000A\000w\000a\000r\000e\000\040\000P\000a\000r\000a\000m\000e\000t\000e\000r\000s}{subsection.6.5}% 52
\BOOKMARK [2][-]{subsection.6.6}{\376\377\000E\000v\000a\000l\000u\000a\000t\000i\000o\000n\000\040\000M\000e\000t\000r\000i\000c\000s}{section.6}% 53
\BOOKMARK [3][-]{subsubsection.6.6.1}{\376\377\000A\000c\000c\000u\000r\000a\000c\000y\000\040\000M\000e\000t\000r\000i\000c\000s}{subsection.6.6}% 54
\BOOKMARK [3][-]{subsubsection.6.6.2}{\376\377\000C\000o\000m\000m\000u\000n\000i\000c\000a\000t\000i\000o\000n\000\040\000M\000e\000t\000r\000i\000c\000s}{subsection.6.6}% 55
\BOOKMARK [3][-]{subsubsection.6.6.3}{\376\377\000C\000o\000m\000p\000u\000t\000a\000t\000i\000o\000n\000\040\000M\000e\000t\000r\000i\000c\000s}{subsection.6.6}% 56
\BOOKMARK [3][-]{subsubsection.6.6.4}{\376\377\000H\000e\000t\000e\000r\000o\000g\000e\000n\000e\000i\000t\000y\000\040\000M\000e\000t\000r\000i\000c\000s}{subsection.6.6}% 57
\BOOKMARK [2][-]{subsection.6.7}{\376\377\000I\000m\000p\000l\000e\000m\000e\000n\000t\000a\000t\000i\000o\000n\000\040\000D\000e\000t\000a\000i\000l\000s}{section.6}% 58
\BOOKMARK [3][-]{subsubsection.6.7.1}{\376\377\000S\000o\000f\000t\000w\000a\000r\000e\000\040\000F\000r\000a\000m\000e\000w\000o\000r\000k}{subsection.6.7}% 59
\BOOKMARK [3][-]{subsubsection.6.7.2}{\376\377\000H\000a\000r\000d\000w\000a\000r\000e\000\040\000M\000o\000d\000e\000l\000i\000n\000g}{subsection.6.7}% 60
\BOOKMARK [3][-]{subsubsection.6.7.3}{\376\377\000E\000x\000p\000e\000r\000i\000m\000e\000n\000t\000a\000l\000\040\000S\000c\000e\000n\000a\000r\000i\000o\000s}{subsection.6.7}% 61
\BOOKMARK [1][-]{section.7}{\376\377\000R\000e\000s\000u\000l\000t\000s\000\040\000a\000n\000d\000\040\000D\000i\000s\000c\000u\000s\000s\000i\000o\000n}{}% 62
\BOOKMARK [2][-]{subsection.7.1}{\376\377\000M\000a\000i\000n\000\040\000R\000e\000s\000u\000l\000t\000s}{section.7}% 63
\BOOKMARK [3][-]{subsubsection.7.1.1}{\376\377\000C\000o\000m\000m\000u\000n\000i\000c\000a\000t\000i\000o\000n\000\040\000E\000f\000f\000i\000c\000i\000e\000n\000c\000y}{subsection.7.1}% 64
\BOOKMARK [3][-]{subsubsection.7.1.2}{\376\377\000C\000o\000n\000v\000e\000r\000g\000e\000n\000c\000e\000\040\000S\000p\000e\000e\000d}{subsection.7.1}% 65
\BOOKMARK [3][-]{subsubsection.7.1.3}{\376\377\000L\000o\000c\000a\000l\000\040\000T\000r\000a\000i\000n\000i\000n\000g\000\040\000E\000f\000f\000i\000c\000i\000e\000n\000c\000y}{subsection.7.1}% 66
\BOOKMARK [2][-]{subsection.7.2}{\376\377\000A\000b\000l\000a\000t\000i\000o\000n\000\040\000S\000t\000u\000d\000i\000e\000s}{section.7}% 67
\BOOKMARK [3][-]{subsubsection.7.2.1}{\376\377\000I\000m\000p\000a\000c\000t\000\040\000o\000f\000\040\000I\000n\000d\000i\000v\000i\000d\000u\000a\000l\000\040\000C\000o\000m\000p\000o\000n\000e\000n\000t\000s}{subsection.7.2}% 68
\BOOKMARK [3][-]{subsubsection.7.2.2}{\376\377\000I\000m\000p\000a\000c\000t\000\040\000o\000f\000\040\000A\000d\000a\000p\000t\000i\000v\000e\000\040\000C\000o\000m\000p\000r\000e\000s\000s\000i\000o\000n}{subsection.7.2}% 69
\BOOKMARK [2][-]{subsection.7.3}{\376\377\000H\000e\000t\000e\000r\000o\000g\000e\000n\000e\000i\000t\000y\000\040\000A\000n\000a\000l\000y\000s\000i\000s}{section.7}% 70
\BOOKMARK [3][-]{subsubsection.7.3.1}{\376\377\000P\000e\000r\000f\000o\000r\000m\000a\000n\000c\000e\000\040\000U\000n\000d\000e\000r\000\040\000N\000o\000n\000-\000I\000I\000D\000\040\000D\000a\000t\000a}{subsection.7.3}% 71
\BOOKMARK [3][-]{subsubsection.7.3.2}{\376\377\000D\000e\000v\000i\000c\000e\000-\000S\000p\000e\000c\000i\000f\000i\000c\000\040\000P\000e\000r\000f\000o\000r\000m\000a\000n\000c\000e}{subsection.7.3}% 72
\BOOKMARK [2][-]{subsection.7.4}{\376\377\000S\000c\000a\000l\000a\000b\000i\000l\000i\000t\000y\000\040\000A\000n\000a\000l\000y\000s\000i\000s}{section.7}% 73
\BOOKMARK [2][-]{subsection.7.5}{\376\377\000D\000i\000s\000c\000u\000s\000s\000i\000o\000n}{section.7}% 74
\BOOKMARK [3][-]{subsubsection.7.5.1}{\376\377\000P\000a\000r\000e\000t\000o\000\040\000F\000r\000o\000n\000t\000i\000e\000r\000\040\000o\000f\000\040\000C\000o\000s\000t\000\040\000O\000p\000t\000i\000m\000i\000z\000a\000t\000i\000o\000n}{subsection.7.5}% 75
\BOOKMARK [3][-]{subsubsection.7.5.2}{\376\377\000P\000r\000a\000c\000t\000i\000c\000a\000l\000\040\000D\000e\000p\000l\000o\000y\000m\000e\000n\000t\000\040\000C\000o\000n\000s\000i\000d\000e\000r\000a\000t\000i\000o\000n\000s}{subsection.7.5}% 76
\BOOKMARK [1][-]{section.8}{\376\377\000C\000o\000n\000c\000l\000u\000s\000i\000o\000n\000\040\000a\000n\000d\000\040\000F\000u\000t\000u\000r\000e\000\040\000W\000o\000r\000k}{}% 77
\BOOKMARK [2][-]{subsection.8.1}{\376\377\000L\000i\000m\000i\000t\000a\000t\000i\000o\000n\000s}{section.8}% 78
\BOOKMARK [2][-]{subsection.8.2}{\376\377\000F\000u\000t\000u\000r\000e\000\040\000D\000i\000r\000e\000c\000t\000i\000o\000n\000s}{section.8}% 79
\BOOKMARK [1][-]{section*.8}{\376\377\000R\000e\000f\000e\000r\000e\000n\000c\000e\000s}{}% 80
